<?xml version="1.0" encoding="UTF-8"?>
<!-- Generated by org.testng.reporters.JUnitReportReporter -->
<testsuite skipped="0" hostname="LAPTOP-C09VGUTD" name="Running.ExecutionTest" tests="1" failures="0" timestamp="10 Oct 2020 14:56:18 GMT" time="94.774" errors="0">
  <testcase name="testcases" time="94.774" classname="Running.ExecutionTest"/>
</testsuite> <!-- Running.ExecutionTest -->
